[2025-06-07 05:46:25] local.ERROR: filemtime(): stat failed for E:\My_projects\web-apps\Lineone\lineone-dev\lineone-laravel-12\.env {"exception":"[object] (ErrorException(code: 0): filemtime(): stat failed for E:\\My_projects\\web-apps\\Lineone\\lineone-dev\\lineone-laravel-12\\.env at E:\\My_projects\\web-apps\\Lineone\\lineone-dev\\lineone-laravel-12\\vendor\\laravel\\framework\\src\\Illuminate\\Foundation\\Console\\ServeCommand.php:138)
[2025-08-16 05:21:06] local.ERROR: Database file at path [D:\lineone\lineone-laravel\database\database.sqlite] does not exist. Ensure this is an absolute path to the database. (Connection: sqlite, SQL: select * from "sessions" where "id" = C9a59erhOmeOubDslv4L5sWiRVeZYreWJ9sFvI7Z limit 1) {"exception":"[object] (Illuminate\\Database\\QueryException(code: 0): Database file at path [D:\\lineone\\lineone-laravel\\database\\database.sqlite] does not exist. Ensure this is an absolute path to the database. (Connection: sqlite, SQL: select * from \"sessions\" where \"id\" = C9a59erhOmeOubDslv4L5sWiRVeZYreWJ9sFvI7Z limit 1) at D:\\lineone\\lineone-laravel\\vendor\\laravel\\framework\\src\\Illuminate\\Database\\Connection.php:822)
[previous exception] [object] (Illuminate\\Database\\SQLiteDatabaseDoesNotExistException(code: 0): Database file at path [D:\\lineone\\lineone-laravel\\database\\database.sqlite] does not exist. Ensure this is an absolute path to the database. at D:\\lineone\\lineone-laravel\\vendor\\laravel\\framework\\src\\Illuminate\\Database\\Connectors\\SQLiteConnector.php:59)
[2026-01-14 21:06:22] local.ERROR: Class "Laravel\Pail\PailServiceProvider" not found {"exception":"[object] (Error(code: 0): Class \"Laravel\\Pail\\PailServiceProvider\" not found at /home/skdev/admin/vendor/laravel/framework/src/Illuminate/Foundation/ProviderRepository.php:205)
[stacktrace]
#0 /home/skdev/admin/vendor/laravel/framework/src/Illuminate/Foundation/ProviderRepository.php(141): Illuminate\\Foundation\\ProviderRepository->createProvider()
#1 /home/skdev/admin/vendor/laravel/framework/src/Illuminate/Foundation/ProviderRepository.php(60): Illuminate\\Foundation\\ProviderRepository->compileManifest()
#2 /home/skdev/admin/vendor/laravel/framework/src/Illuminate/Foundation/Application.php(870): Illuminate\\Foundation\\ProviderRepository->load()
#3 /home/skdev/admin/vendor/laravel/framework/src/Illuminate/Foundation/Bootstrap/RegisterProviders.php(37): Illuminate\\Foundation\\Application->registerConfiguredProviders()
#4 /home/skdev/admin/vendor/laravel/framework/src/Illuminate/Foundation/Application.php(341): Illuminate\\Foundation\\Bootstrap\\RegisterProviders->bootstrap()
#5 /home/skdev/admin/vendor/laravel/framework/src/Illuminate/Foundation/Console/Kernel.php(473): Illuminate\\Foundation\\Application->bootstrapWith()
#6 /home/skdev/admin/vendor/laravel/framework/src/Illuminate/Foundation/Console/Kernel.php(195): Illuminate\\Foundation\\Console\\Kernel->bootstrap()
#7 /home/skdev/admin/vendor/laravel/framework/src/Illuminate/Foundation/Application.php(1234): Illuminate\\Foundation\\Console\\Kernel->handle()
#8 /home/skdev/admin/artisan(16): Illuminate\\Foundation\\Application->handleCommand()
#9 {main}
"} 
[2026-01-14 21:07:34] local.ERROR: Class "Laravel\Pail\PailServiceProvider" not found {"exception":"[object] (Error(code: 0): Class \"Laravel\\Pail\\PailServiceProvider\" not found at /home/skdev/admin/vendor/laravel/framework/src/Illuminate/Foundation/ProviderRepository.php:205)
[stacktrace]
#0 /home/skdev/admin/vendor/laravel/framework/src/Illuminate/Foundation/ProviderRepository.php(141): Illuminate\\Foundation\\ProviderRepository->createProvider()
#1 /home/skdev/admin/vendor/laravel/framework/src/Illuminate/Foundation/ProviderRepository.php(60): Illuminate\\Foundation\\ProviderRepository->compileManifest()
#2 /home/skdev/admin/vendor/laravel/framework/src/Illuminate/Foundation/Application.php(870): Illuminate\\Foundation\\ProviderRepository->load()
#3 /home/skdev/admin/vendor/laravel/framework/src/Illuminate/Foundation/Bootstrap/RegisterProviders.php(37): Illuminate\\Foundation\\Application->registerConfiguredProviders()
#4 /home/skdev/admin/vendor/laravel/framework/src/Illuminate/Foundation/Application.php(341): Illuminate\\Foundation\\Bootstrap\\RegisterProviders->bootstrap()
#5 /home/skdev/admin/vendor/laravel/framework/src/Illuminate/Foundation/Console/Kernel.php(473): Illuminate\\Foundation\\Application->bootstrapWith()
#6 /home/skdev/admin/vendor/laravel/framework/src/Illuminate/Foundation/Console/Kernel.php(195): Illuminate\\Foundation\\Console\\Kernel->bootstrap()
#7 /home/skdev/admin/vendor/laravel/framework/src/Illuminate/Foundation/Application.php(1234): Illuminate\\Foundation\\Console\\Kernel->handle()
#8 /home/skdev/admin/artisan(16): Illuminate\\Foundation\\Application->handleCommand()
#9 {main}
"} 
[2026-01-14 21:11:13] local.ERROR: SQLSTATE[42P01]: Undefined table: 7 ERROR:  relation "devices" does not exist
LINE 1: select * from "devices"
                      ^ (Connection: pgsql, SQL: select * from "devices") {"exception":"[object] (Illuminate\\Database\\QueryException(code: 42P01): SQLSTATE[42P01]: Undefined table: 7 ERROR:  relation \"devices\" does not exist
LINE 1: select * from \"devices\"
                      ^ (Connection: pgsql, SQL: select * from \"devices\") at /home/skdev/admin/vendor/laravel/framework/src/Illuminate/Database/Connection.php:822)
[stacktrace]
#0 /home/skdev/admin/vendor/laravel/framework/src/Illuminate/Database/Connection.php(776): Illuminate\\Database\\Connection->runQueryCallback()
#1 /home/skdev/admin/vendor/laravel/framework/src/Illuminate/Database/Connection.php(395): Illuminate\\Database\\Connection->run()
#2 /home/skdev/admin/vendor/laravel/framework/src/Illuminate/Database/Query/Builder.php(3131): Illuminate\\Database\\Connection->select()
#3 /home/skdev/admin/vendor/laravel/framework/src/Illuminate/Database/Query/Builder.php(3116): Illuminate\\Database\\Query\\Builder->runSelect()
#4 /home/skdev/admin/vendor/laravel/framework/src/Illuminate/Database/Query/Builder.php(3706): Illuminate\\Database\\Query\\Builder->{closure:Illuminate\\Database\\Query\\Builder::get():3115}()
#5 /home/skdev/admin/vendor/laravel/framework/src/Illuminate/Database/Query/Builder.php(3115): Illuminate\\Database\\Query\\Builder->onceWithColumns()
#6 /home/skdev/admin/app/Console/Commands/VerifyAttendanceSync.php(17): Illuminate\\Database\\Query\\Builder->get()
#7 /home/skdev/admin/vendor/laravel/framework/src/Illuminate/Container/BoundMethod.php(36): App\\Console\\Commands\\VerifyAttendanceSync->handle()
#8 /home/skdev/admin/vendor/laravel/framework/src/Illuminate/Container/Util.php(43): Illuminate\\Container\\BoundMethod::{closure:Illuminate\\Container\\BoundMethod::call():35}()
#9 /home/skdev/admin/vendor/laravel/framework/src/Illuminate/Container/BoundMethod.php(96): Illuminate\\Container\\Util::unwrapIfClosure()
#10 /home/skdev/admin/vendor/laravel/framework/src/Illuminate/Container/BoundMethod.php(35): Illuminate\\Container\\BoundMethod::callBoundMethod()
#11 /home/skdev/admin/vendor/laravel/framework/src/Illuminate/Container/Container.php(754): Illuminate\\Container\\BoundMethod::call()
#12 /home/skdev/admin/vendor/laravel/framework/src/Illuminate/Console/Command.php(211): Illuminate\\Container\\Container->call()
#13 /home/skdev/admin/vendor/symfony/console/Command/Command.php(318): Illuminate\\Console\\Command->execute()
#14 /home/skdev/admin/vendor/laravel/framework/src/Illuminate/Console/Command.php(180): Symfony\\Component\\Console\\Command\\Command->run()
#15 /home/skdev/admin/vendor/symfony/console/Application.php(1092): Illuminate\\Console\\Command->run()
#16 /home/skdev/admin/vendor/symfony/console/Application.php(341): Symfony\\Component\\Console\\Application->doRunCommand()
#17 /home/skdev/admin/vendor/symfony/console/Application.php(192): Symfony\\Component\\Console\\Application->doRun()
#18 /home/skdev/admin/vendor/laravel/framework/src/Illuminate/Foundation/Console/Kernel.php(197): Symfony\\Component\\Console\\Application->run()
#19 /home/skdev/admin/vendor/laravel/framework/src/Illuminate/Foundation/Application.php(1234): Illuminate\\Foundation\\Console\\Kernel->handle()
#20 /home/skdev/admin/artisan(16): Illuminate\\Foundation\\Application->handleCommand()
#21 {main}

[previous exception] [object] (PDOException(code: 42P01): SQLSTATE[42P01]: Undefined table: 7 ERROR:  relation \"devices\" does not exist
LINE 1: select * from \"devices\"
                      ^ at /home/skdev/admin/vendor/laravel/framework/src/Illuminate/Database/Connection.php:409)
[stacktrace]
#0 /home/skdev/admin/vendor/laravel/framework/src/Illuminate/Database/Connection.php(409): PDOStatement->execute()
#1 /home/skdev/admin/vendor/laravel/framework/src/Illuminate/Database/Connection.php(809): Illuminate\\Database\\Connection->{closure:Illuminate\\Database\\Connection::select():395}()
#2 /home/skdev/admin/vendor/laravel/framework/src/Illuminate/Database/Connection.php(776): Illuminate\\Database\\Connection->runQueryCallback()
#3 /home/skdev/admin/vendor/laravel/framework/src/Illuminate/Database/Connection.php(395): Illuminate\\Database\\Connection->run()
#4 /home/skdev/admin/vendor/laravel/framework/src/Illuminate/Database/Query/Builder.php(3131): Illuminate\\Database\\Connection->select()
#5 /home/skdev/admin/vendor/laravel/framework/src/Illuminate/Database/Query/Builder.php(3116): Illuminate\\Database\\Query\\Builder->runSelect()
#6 /home/skdev/admin/vendor/laravel/framework/src/Illuminate/Database/Query/Builder.php(3706): Illuminate\\Database\\Query\\Builder->{closure:Illuminate\\Database\\Query\\Builder::get():3115}()
#7 /home/skdev/admin/vendor/laravel/framework/src/Illuminate/Database/Query/Builder.php(3115): Illuminate\\Database\\Query\\Builder->onceWithColumns()
#8 /home/skdev/admin/app/Console/Commands/VerifyAttendanceSync.php(17): Illuminate\\Database\\Query\\Builder->get()
#9 /home/skdev/admin/vendor/laravel/framework/src/Illuminate/Container/BoundMethod.php(36): App\\Console\\Commands\\VerifyAttendanceSync->handle()
#10 /home/skdev/admin/vendor/laravel/framework/src/Illuminate/Container/Util.php(43): Illuminate\\Container\\BoundMethod::{closure:Illuminate\\Container\\BoundMethod::call():35}()
#11 /home/skdev/admin/vendor/laravel/framework/src/Illuminate/Container/BoundMethod.php(96): Illuminate\\Container\\Util::unwrapIfClosure()
#12 /home/skdev/admin/vendor/laravel/framework/src/Illuminate/Container/BoundMethod.php(35): Illuminate\\Container\\BoundMethod::callBoundMethod()
#13 /home/skdev/admin/vendor/laravel/framework/src/Illuminate/Container/Container.php(754): Illuminate\\Container\\BoundMethod::call()
#14 /home/skdev/admin/vendor/laravel/framework/src/Illuminate/Console/Command.php(211): Illuminate\\Container\\Container->call()
#15 /home/skdev/admin/vendor/symfony/console/Command/Command.php(318): Illuminate\\Console\\Command->execute()
#16 /home/skdev/admin/vendor/laravel/framework/src/Illuminate/Console/Command.php(180): Symfony\\Component\\Console\\Command\\Command->run()
#17 /home/skdev/admin/vendor/symfony/console/Application.php(1092): Illuminate\\Console\\Command->run()
#18 /home/skdev/admin/vendor/symfony/console/Application.php(341): Symfony\\Component\\Console\\Application->doRunCommand()
#19 /home/skdev/admin/vendor/symfony/console/Application.php(192): Symfony\\Component\\Console\\Application->doRun()
#20 /home/skdev/admin/vendor/laravel/framework/src/Illuminate/Foundation/Console/Kernel.php(197): Symfony\\Component\\Console\\Application->run()
#21 /home/skdev/admin/vendor/laravel/framework/src/Illuminate/Foundation/Application.php(1234): Illuminate\\Foundation\\Console\\Kernel->handle()
#22 /home/skdev/admin/artisan(16): Illuminate\\Foundation\\Application->handleCommand()
#23 {main}
"} 
